#
# There is insufficient memory for the Java Runtime Environment to continue.
# Native memory allocation (mmap) failed to map 201326592 bytes for G1 virtual space
# Possible reasons:
#   The system is out of physical RAM or swap space
#   The process is running with CompressedOops enabled, and the Java Heap may be blocking the growth of the native heap
# Possible solutions:
#   Reduce memory load on the system
#   Increase physical memory or swap space
#   Check if swap backing store is full
#   Decrease Java heap size (-Xmx/-Xms)
#   Decrease number of Java threads
#   Decrease Java thread stack sizes (-Xss)
#   Set larger code cache with -XX:ReservedCodeCacheSize=
#   JVM is running with Zero Based Compressed Oops mode in which the Java heap is
#     placed in the first 32GB address space. The Java Heap base address is the
#     maximum limit for the native heap growth. Please use -XX:HeapBaseMinAddress
#     to set the Java Heap base and to place the Java Heap above 32GB virtual address.
# This output file may be truncated or incomplete.
#
#  Out of Memory Error (os_windows.cpp:3600), pid=20140, tid=6572
#
# JRE version:  (21.0.2+13) (build )
# Java VM: OpenJDK 64-Bit Server VM (21.0.2+13-58, mixed mode, sharing, tiered, compressed oops, compressed class ptrs, g1 gc, windows-amd64)
# No core dump will be written. Minidumps are not enabled by default on client versions of Windows
#

---------------  S U M M A R Y ------------

Command Line: -javaagent:C:\Program Files\JetBrains\IntelliJ IDEA 2023.3.4\lib\idea_rt.jar=62891:C:\Program Files\JetBrains\IntelliJ IDEA 2023.3.4\bin -Dfile.encoding=UTF-8 -Dsun.stdout.encoding=UTF-8 -Dsun.stderr.encoding=UTF-8 com.oceanguard.OceanGuardAnalyticsEngine

Host: Intel(R) Core(TM) i5-4570T CPU @ 2.90GHz, 4 cores, 11G,  Windows 10 , 64 bit Build 19041 (10.0.19041.3636)
Time: Wed Jun  5 22:00:25 2024 Hora oficial do Brasil elapsed time: 0.033385 seconds (0d 0h 0m 0s)

---------------  T H R E A D  ---------------

Current thread (0x000002ad03274880):  JavaThread "Unknown thread" [_thread_in_vm, id=6572, stack(0x000000f8e9f00000,0x000000f8ea000000) (1024K)]

Stack: [0x000000f8e9f00000,0x000000f8ea000000]
Native frames: (J=compiled Java code, j=interpreted, Vv=VM code, C=native code)
V  [jvm.dll+0x6cade9]
V  [jvm.dll+0x8569c1]
V  [jvm.dll+0x858d2e]
V  [jvm.dll+0x859413]
V  [jvm.dll+0x280e56]
V  [jvm.dll+0x6c74d5]
V  [jvm.dll+0x6bbeca]
V  [jvm.dll+0x355bca]
V  [jvm.dll+0x35d816]
V  [jvm.dll+0x3ae67e]
V  [jvm.dll+0x3ae928]
V  [jvm.dll+0x3295dc]
V  [jvm.dll+0x32a16b]
V  [jvm.dll+0x81efa9]
V  [jvm.dll+0x3bba01]
V  [jvm.dll+0x807928]
V  [jvm.dll+0x44f50e]
V  [jvm.dll+0x450e11]
C  [jli.dll+0x52a3]
C  [ucrtbase.dll+0x21bb2]
C  [KERNEL32.DLL+0x17344]
C  [ntdll.dll+0x526b1]


---------------  P R O C E S S  ---------------

Threads class SMR info:
_java_thread_list=0x00007ffd1fdbbb88, length=0, elements={
}

Java Threads: ( => current thread )
Total: 0

Other Threads:
  0x000002ad032c7790 WorkerThread "GC Thread#0"                     [id=12488, stack(0x000000f8ea000000,0x000000f8ea100000) (1024K)]
  0x000002ad032d4640 ConcurrentGCThread "G1 Main Marker"            [id=11332, stack(0x000000f8ea100000,0x000000f8ea200000) (1024K)]
  0x000002ad032d52f0 WorkerThread "G1 Conc#0"                       [id=7368, stack(0x000000f8ea200000,0x000000f8ea300000) (1024K)]

[error occurred during error reporting (printing all threads), id 0xc0000005, EXCEPTION_ACCESS_VIOLATION (0xc0000005) at pc=0x00007ffd1f52c6a7]
VM state: not at safepoint (not fully initialized)

VM Mutex/Monitor currently owned by a thread:  ([mutex/lock_event])
[0x00007ffd1fe2ce68] Heap_lock - owner thread: 0x000002ad03274880

Heap address: 0x0000000741200000, size: 3054 MB, Compressed Oops mode: Zero based, Oop shift amount: 3

CDS archive(s) mapped at: [0x0000000000000000-0x0000000000000000-0x0000000000000000), size 0, SharedBaseAddress: 0x0000000800000000, ArchiveRelocationMode: 1.
Narrow klass base: 0x0000000000000000, Narrow klass shift: 0, Narrow klass range: 0x0

GC Precious Log:
 CardTable entry size: 512
 Card Set container configuration: InlinePtr #cards 4 size 8 Array Of Cards #cards 16 size 48 Howl #buckets 8 coarsen threshold 3686 Howl Bitmap #cards 512 size 80 coarsen threshold 460 Card regions per heap region 1 cards per card region 4096

Heap:
 garbage-first heap   total 0K, used 0K [0x0000000741200000, 0x0000000800000000)
  region size 2048K, 0 young (0K), 0 survivors (0K)

[error occurred during error reporting (printing heap information), id 0xc0000005, EXCEPTION_ACCESS_VIOLATION (0xc0000005) at pc=0x00007ffd1f9139f9]
GC Heap History (0 events):
No events

Dll operation events (1 events):
Event: 0.023 Loaded shared library C:\Users\Rose Gabriela\.jdks\openjdk-21.0.2\bin\java.dll

Deoptimization events (0 events):
No events

Classes loaded (0 events):
No events

Classes unloaded (0 events):
No events

Classes redefined (0 events):
No events

Internal exceptions (0 events):
No events

ZGC Phase Switch (0 events):
No events

VM Operations (0 events):
No events

Events (0 events):
No events


Dynamic libraries:
0x00007ff6cb8b0000 - 0x00007ff6cb8be000 	C:\Users\Rose Gabriela\.jdks\openjdk-21.0.2\bin\java.exe
0x00007ffdc8dd0000 - 0x00007ffdc8fc8000 	C:\WINDOWS\SYSTEM32\ntdll.dll
0x00007ffdc7770000 - 0x00007ffdc782d000 	C:\WINDOWS\System32\KERNEL32.DLL
0x00007ffdc69e0000 - 0x00007ffdc6cd6000 	C:\WINDOWS\System32\KERNELBASE.dll
0x00007ffdc6840000 - 0x00007ffdc6940000 	C:\WINDOWS\System32\ucrtbase.dll
0x00007ffd99c10000 - 0x00007ffd99c28000 	C:\Users\Rose Gabriela\.jdks\openjdk-21.0.2\bin\jli.dll
0x00007ffdc8a70000 - 0x00007ffdc8c0f000 	C:\WINDOWS\System32\USER32.dll
0x00007ffdc69b0000 - 0x00007ffdc69d2000 	C:\WINDOWS\System32\win32u.dll
0x00007ffdc6f30000 - 0x00007ffdc6f5b000 	C:\WINDOWS\System32\GDI32.dll
0x00007ffdc65c0000 - 0x00007ffdc66d7000 	C:\WINDOWS\System32\gdi32full.dll
0x00007ffdc6ce0000 - 0x00007ffdc6d7d000 	C:\WINDOWS\System32\msvcp_win.dll
0x00007ffdbab20000 - 0x00007ffdbab3b000 	C:\Users\Rose Gabriela\.jdks\openjdk-21.0.2\bin\VCRUNTIME140.dll
0x00007ffdaea10000 - 0x00007ffdaecaa000 	C:\WINDOWS\WinSxS\amd64_microsoft.windows.common-controls_6595b64144ccf1df_6.0.19041.4355_none_60b8b9eb71f62e16\COMCTL32.dll
0x00007ffdc8c20000 - 0x00007ffdc8cbe000 	C:\WINDOWS\System32\msvcrt.dll
0x00007ffdc7610000 - 0x00007ffdc7642000 	C:\WINDOWS\System32\IMM32.DLL
0x00007ffdbae10000 - 0x00007ffdbae1c000 	C:\Users\Rose Gabriela\.jdks\openjdk-21.0.2\bin\vcruntime140_1.dll
0x00007ffd96b30000 - 0x00007ffd96bbe000 	C:\Users\Rose Gabriela\.jdks\openjdk-21.0.2\bin\msvcp140.dll
0x00007ffd1f1f0000 - 0x00007ffd1ff07000 	C:\Users\Rose Gabriela\.jdks\openjdk-21.0.2\bin\server\jvm.dll
0x00007ffdc7390000 - 0x00007ffdc7440000 	C:\WINDOWS\System32\ADVAPI32.dll
0x00007ffdc7570000 - 0x00007ffdc7610000 	C:\WINDOWS\System32\sechost.dll
0x00007ffdc6e00000 - 0x00007ffdc6f23000 	C:\WINDOWS\System32\RPCRT4.dll
0x00007ffdc6dd0000 - 0x00007ffdc6df7000 	C:\WINDOWS\System32\bcrypt.dll
0x00007ffdc7e20000 - 0x00007ffdc7e8b000 	C:\WINDOWS\System32\WS2_32.dll
0x00007ffdc62c0000 - 0x00007ffdc630b000 	C:\WINDOWS\SYSTEM32\POWRPROF.dll
0x00007ffdb56b0000 - 0x00007ffdb56d7000 	C:\WINDOWS\SYSTEM32\WINMM.dll
0x00007ffdc0190000 - 0x00007ffdc019a000 	C:\WINDOWS\SYSTEM32\VERSION.dll
0x00007ffdc62a0000 - 0x00007ffdc62b2000 	C:\WINDOWS\SYSTEM32\UMPDC.dll
0x00007ffdc42e0000 - 0x00007ffdc42f2000 	C:\WINDOWS\SYSTEM32\kernel.appcore.dll
0x00007ffda30d0000 - 0x00007ffda30da000 	C:\Users\Rose Gabriela\.jdks\openjdk-21.0.2\bin\jimage.dll
0x00007ffdbc7a0000 - 0x00007ffdbc984000 	C:\WINDOWS\SYSTEM32\DBGHELP.DLL
0x00007ffdbc6a0000 - 0x00007ffdbc6d4000 	C:\WINDOWS\SYSTEM32\dbgcore.DLL
0x00007ffdc6530000 - 0x00007ffdc65b2000 	C:\WINDOWS\System32\bcryptPrimitives.dll
0x00007ffda5790000 - 0x00007ffda579f000 	C:\Users\Rose Gabriela\.jdks\openjdk-21.0.2\bin\instrument.dll
0x00007ffd99bf0000 - 0x00007ffd99c0f000 	C:\Users\Rose Gabriela\.jdks\openjdk-21.0.2\bin\java.dll

dbghelp: loaded successfully - version: 4.0.5 - missing functions: none
symbol engine: initialized successfully - sym options: 0x614 - pdb path: .;C:\Users\Rose Gabriela\.jdks\openjdk-21.0.2\bin;C:\WINDOWS\SYSTEM32;C:\WINDOWS\WinSxS\amd64_microsoft.windows.common-controls_6595b64144ccf1df_6.0.19041.4355_none_60b8b9eb71f62e16;C:\Users\Rose Gabriela\.jdks\openjdk-21.0.2\bin\server

VM Arguments:
jvm_args: -javaagent:C:\Program Files\JetBrains\IntelliJ IDEA 2023.3.4\lib\idea_rt.jar=62891:C:\Program Files\JetBrains\IntelliJ IDEA 2023.3.4\bin -Dfile.encoding=UTF-8 -Dsun.stdout.encoding=UTF-8 -Dsun.stderr.encoding=UTF-8 
java_command: com.oceanguard.OceanGuardAnalyticsEngine
java_class_path (initial): C:\Users\Rose Gabriela\Downloads\OceanGuardAnalyticsEngine\OceanGuardAnalyticsEngine\target\classes;C:\Users\Rose Gabriela\.m2\repository\com\fasterxml\jackson\core\jackson-databind\2.12.3\jackson-databind-2.12.3.jar;C:\Users\Rose Gabriela\.m2\repository\com\fasterxml\jackson\core\jackson-annotations\2.12.3\jackson-annotations-2.12.3.jar;C:\Users\Rose Gabriela\.m2\repository\com\fasterxml\jackson\core\jackson-core\2.12.3\jackson-core-2.12.3.jar;C:\Users\Rose Gabriela\.m2\repository\org\apache\httpcomponents\httpclient\4.5.13\httpclient-4.5.13.jar;C:\Users\Rose Gabriela\.m2\repository\org\apache\httpcomponents\httpcore\4.4.13\httpcore-4.4.13.jar;C:\Users\Rose Gabriela\.m2\repository\commons-logging\commons-logging\1.2\commons-logging-1.2.jar;C:\Users\Rose Gabriela\.m2\repository\commons-codec\commons-codec\1.11\commons-codec-1.11.jar;C:\Users\Rose Gabriela\.m2\repository\org\deeplearning4j\deeplearning4j-core\1.0.0-beta7\deeplearning4j-core-1.0.0-beta7.jar;C:\Users\Rose Gabriela\.m2\repository\org\deeplearning4j\deeplearning4j-tsne\1.0.0-beta7\deeplearning4j-tsne-1.0.0-beta7.jar;C:\Users\Rose Gabriela\.m2\repository\org\deeplearning4j\nearestneighbor-core\1.0.0-beta7\nearestneighbor-core-1.0.0-beta7.jar;C:\Users\Rose Gabriela\.m2\repository\org\deeplearning4j\deeplearning4j-datasets\1.0.0-beta7\deeplearning4j-datasets-1.0.0-beta7.jar;C:\Users\Rose Gabriela\.m2\repository\org\deeplearning4j\deeplearning4j-common\1.0.0-beta7\deeplearning4j-common-1.0.0-beta7.jar;C:\Users\Rose Gabriela\.m2\repository\org\deeplearning4j\deeplearning4j-datavec-iterators\1.0.0-beta7\deeplearning4j-datavec-iterators-1.0.0-beta7.jar;C:\Users\Rose Gabriela\.m2\repository\org\deeplearning4j\deeplearning4j-modelimport\1.0.0-beta7\deeplearning4j-modelimport-1.0.0-beta7.jar;C:\Users\Rose Gabriela\.m2\repository\com\google\code\gson\gson\2.8.0\gson-2.8.0.jar;C:\Users\Rose Gabriela\.m2\repository\org\bytedeco\javacpp\1.5.3\javacpp-1.5.3.jar;C:\Users\Rose Gabriela\.m2\repository\org\bytedeco\hdf5-platform\1.12.0-1.5.3\hdf5-platform-1.12.0-1.5.3.jar;C:\Users\Rose Gabriela\.m2\repository\org\bytedeco\hdf5\1.12.0-1.5.3\hdf5-1.12.0-1.5.3.jar;C:\Users\Rose Gabriela\.m2\repository\org\bytedeco\hdf5\1.12.0-1.5.3\hdf5-1.12.0-1.5.3-linux-x86.jar;C:\Users\Rose Gabriela\.m2\repository\org\bytedeco\hdf5\1.12.0-1.5.3\hdf5-1.12.0-1.5.3-linux-x86_64.jar;C:\Users\Rose Gabriela\.m2\repository\org\bytedeco\hdf5\1.12.0-1.5.3\hdf5-1.12.0-1.5.3-linux-armhf.jar;C:\Users\Rose Gabriela\.m2\repository\org\bytedeco\hdf5\1.12.0-1.5.3\hdf5-1.12.0-1.5.3-linux-arm64.jar;C:\Users\Rose Gabriela\.m2\repository\org\bytedeco\hdf5\1.12.0-1.5.3\hdf5-1.12.0-1.5.3-linux-ppc64le.jar;C:\Users\Rose Gabriela\.m2\repository\org\bytedeco\hdf5\1.12.0-1.5.3\hdf5-1.12.0-1.5.3-macosx-x86_64.jar;C:\Users\Rose Gabriela\.m2\repository\org\bytedeco\hdf5\1.12.0-1.5.3\hdf5-1.12.0-1.5.3-windows-x86.jar;C:\Users\Rose Gabriela\.m2\repository\org\bytedeco\hdf5\1.12.0-1.5.3\hdf5-1.12.0-1.5.3-windows-x86_64.jar;C:\Users\Rose Gabriela\.m2\repository\org\slf4j\slf4j-api\1.7.21\slf4j-api-1.7.21.jar;C:\Users\Rose Gabriela\.m2\repository\org\deeplearning4j\deeplearning4j-nn\1.0.0-beta7\deeplearning4j-nn-1.0.0-beta7.jar;C:\Users\Rose Gabriela\.m2\repository\org\deeplearning4j\deeplearning4j-utility-iterators\1.0.0-beta7\deeplearning4j-utility-iterators-1.0.0-beta7.jar;C:\Users\Rose Gabriela\.m2\repository\org\lucee\oswego-concurrent\1.3.4\oswego-concurrent-1.3.4.jar;C:\Users\Rose Gabriela\.m2\repository\org\nd4j\nd4j-native-api\1.0.0-beta7\nd4j-native-api-1.0.0-beta7.jar;C:\Users\Rose Gabriela\.m2\repository\org\nd4j\nd4j-common\1.0.0-beta7\nd4j-common-1.0.0-beta7.jar;C:\Users\Rose Gabriela\.m2\repository\org\nd4j\guava\1.0.0-beta7\guava-1.0.0-beta7.jar;C:\Users\Rose Gabriela\.m2\repository\it\unimi\dsi\fastutil\6.5.7\fastutil-6.5.7.jar;C:\Users\Rose Gabriela\.m2\repository\org\apache\commons\commons-math3\3.5\commons-math3-3.5.jar;C:\Users\Rose Gabriela\.m2\repository\commons-io\commons-io\2.5\commons-io-2.5.jar;C:\Users\Rose Gabriela\.m2\repository\org\apache\commons\commons-compress\1.18\commons-compress-1.18.jar;C:\Users\Rose Gabriela\.m2\repository\org\nd4j\nd4j-api\1.0.0-beta7\nd4j-api-1.0.0-beta7.jar;C:\Users\Rose Gabriela\.m2\repository\com\jakewharton\byteunits\byteunits\0.9.1\byteunits-0.9.1.jar;C:\Users\Rose Gabriela\.m2\repository\com\google\flatbuffers\flatbuffers-java\1.10.0\flatbuffers-java-1.10.0.jar;C:\Users\Rose Gabriela\.m2\repository\org\nd4j\protobuf\1.0.0-beta7\protobuf-1.0.0-beta7.jar;C:\Users\Rose Gabriela\.m2\repository\commons-net\commons-net\3.1\commons-net-3.1.jar;C:\Users\Rose Gabriela\.m2\repository\net\ericaro\neoitertools\1.0.0\neoitertools-1.0.0.jar;C:\Users\Rose Gabriela\.m2\repository\org\apache\commons\commons-lang3\3.6\commons-lang3-3.6.jar;C:\Users\Rose Gabriela\.m2\repository\org\nd4j\jackson\1.0.0-beta7\jackson-1.0.0-beta7.jar;C:\Users\Rose Gabriela\.m2\repository\org\datavec\datavec-api\1.0.0-beta7\datavec-api-1.0.0-beta7.jar;C:\Users\Rose Gabriela\.m2\repository\joda-time\joda-time\2.2\joda-time-2.2.jar;C:\Users\Rose Gabriela\.m2\repository\org\freemarker\freemarker\2.3.23\freemarker-2.3.23.jar;C:\Users\Rose Gabriela\.m2\repository\com\clearspring\analytics\stream\2.9.8\stream-2.9.8.jar;C:\Users\Rose Gabriela\.m2\repository\net\sf\opencsv\opencsv\2.3\opencsv-2.3.jar;C:\Users\Rose Gabriela\.m2\repository\com\tdunning\t-digest\3.2\t-digest-3.2.jar;C:\Users\Rose Gabriela\.m2\repository\org\datavec\datavec-data-image\1.0.0-beta7\datavec-data-image-1.0.0-beta7.jar;C:\Users\Rose Gabriela\.m2\repository\com\github\jai-imageio\jai-imageio-core\1.3.0\jai-imageio-core-1.3.0.jar;C:\Users\Rose Gabriela\.m2\repository\com\twelvemonkeys\imageio\imageio-jpeg\3.1.1\imageio-jpeg-3.1.1.jar;C:\Users\Rose Gabriela\.m2\repository\com\twelvemonkeys\imageio\imageio-core\3.1.1\imageio-core-3.1.1.jar;C:\Users\Rose Gabriela\.m2\repository\com\twelvemonkeys\imageio\imageio-metadata\3.1.1\imageio-metadata-3.1.1.jar;C:\Users\Rose Gabriela\.m2\repository\com\twelvemonkeys\common\common-lang\3.1.1\common-lang-3.1.1.jar;C:\Users\Rose Gabriela\.m2\repository\com\twelvemonkeys\common\common-io\3.1.1\common-io-3.1.1.jar;C:\Users\Rose Gabriela\.m2\repository\com\twelvemonkeys\common\common-image\3.1.1\common-image-3.1.1.jar;C:\Users\Rose Gabriela\.m2\repository\com\twelvemonkeys\imageio\imageio-tiff\3.1.1\imageio-tiff-3.1.1.jar;C:\Users\Rose Gabriela\.m2\repository\com\twelvemonkeys\imageio\imageio-psd\3.1.1\imageio-psd-3.1.1.jar;C:\Users\Rose Gabriela\.m2\repository\com\twelvemonkeys\imageio\imageio-bmp\3.1.1\imageio-bmp-3.1.1.jar;C:\Users\Rose Gabriela\.m2\repository\org\bytedeco\javacv\1.5.3\javacv-1.5.3.jar;C:\Users\Rose Gabriela\.m2\repository\org\bytedeco\opencv\4.3.0-1.5.3\opencv-4.3.0-1.5.3.jar;C:\Users\Rose Gabriela\.m2\repository\org\bytedeco\ffmpeg\4.2.2-1.5.3\ffmpeg-4.2.2-1.5.3.jar;C:\Users\Rose Gabriela\.m2\repository\org\bytedeco\flycapture\2.13.3.31-1.5.3\flycapture-2.13.3.31-1.5.3.jar;C:\Users\Rose Gabriela\.m2\repository\org\bytedeco\libdc1394\2.2.6-1.5.3\libdc1394-2.2.6-1.5.3.jar;C:\Users\Rose Gabriela\.m2\repository\org\bytedeco\libfreenect\0.5.7-1.5.3\libfreenect-0.5.7-1.5.3.jar;C:\Users\Rose Gabriela\.m2\repository\org\bytedeco\libfreenect2\0.2.0-1.5.3\libfreenect2-0.2.0-1.5.3.jar;C:\Users\Rose Gabriela\.m2\repository\org\bytedeco\librealsense\1.12.4-1.5.3\librealsense-1.12.4-1.5.3.jar;C:\Users\Rose Gabriela\.m2\repository\org\bytedeco\librealsense2\2.29.0-1.5.3\librealsense2-2.29.0-1.5.3.jar;C:\Users\Rose Gabriela\.m2\repository\org\bytedeco\videoinput\0.200-1.5.3\videoinput-0.200-1.5.3.jar;C:\Users\Rose Gabriela\.m2\repository\org\bytedeco\artoolkitplus\2.3.1-1.5.3\artoolkitplus-2.3.1-1.5.3.jar;C:\Users\Rose Gabriela\.m2\repository\org\bytedeco\flandmark\1.07-1.5.3\flandmark-1.07-1.5.3.jar;C:\Users\Rose Gabriela\.m2\repository\org\bytedeco\leptonica\1.79.0-1.5.3\leptonica-1.79.0-1.5.3.jar;C:\Users\Rose Gabriela\.m2\repository\org\bytedeco\tesseract\4.1.1-1.5.3\tesseract-4.1.1-1.5.3.jar;C:\Users\Rose Gabriela\.m2\repository\org\bytedeco\opencv-platform\4.3.0-1.5.3\opencv-platform-4.3.0-1.5.3.jar;C:\Users\Rose Gabriela\.m2\repository\org\bytedeco\opencv\4.3.0-1.5.3\opencv-4.3.0-1.5.3-android-arm.jar;C:\Users\Rose Gabriela\.m2\repository\org\bytedeco\opencv\4.3.0-1.5.3\opencv-4.3.0-1.5.3-android-arm64.jar;C:\Users\Rose Gabriela\.m2\repository\org\bytedeco\opencv\4.3.0-1.5.3\opencv-4.3.0-1.5.3-android-x86.jar;C:\Users\Rose Gabriela\.m2\repository\org\bytedeco\opencv\4.3.0-1.5.3\opencv-4.3.0-1.5.3-android-x86_64.jar;C:\Users\Rose Gabriela\.m2\repository\org\bytedeco\opencv\4.3.0-1.5.3\opencv-4.3.0-1.5.3-ios-arm64.jar;C:\Users\Rose Gabriela\.m2\repository\org\bytedeco\opencv\4.3.0-1.5.3\opencv-4.3.0-1.5.3-ios-x86_64.jar;C:\Users\Rose Gabriela\.m2\repository\org\bytedeco\opencv\4.3.0-1.5.3\opencv-4.3.0-1.5.3-linux-x86.jar;C:\Users\Rose Gabriela\.m2\repository\org\bytedeco\opencv\4.3.0-1.5.3\opencv-4.3.0-1.5.3-linux-x86_64.jar;C:\Users\Rose Gabriela\.m2\repository\org\bytedeco\opencv\4.3.0-1.5.3\opencv-4.3.0-1.5.3-linux-armhf.jar;C:\Users\Rose Gabriela\.m2\repository\org\bytedeco\opencv\4.3.0-1.5.3\opencv-4.3.0-1.5.3-linux-arm64.jar;C:\Users\Rose Gabriela\.m2\repository\org\bytedeco\opencv\4.3.0-1.5.3\opencv-4.3.0-1.5.3-linux-ppc64le.jar;C:\Users\Rose Gabriela\.m2\repository\org\bytedeco\opencv\4.3.0-1.5.3\opencv-4.3.0-1.5.3-macosx-x86_64.jar;C:\Users\Rose Gabriela\.m2\repository\org\bytedeco\opencv\4.3.0-1.5.3\opencv-4.3.0-1.5.3-windows-x86.jar;C:\Users\Rose Gabriela\.m2\repository\org\bytedeco\opencv\4.3.0-1.5.3\opencv-4.3.0-1.5.3-windows-x86_64.jar;C:\Users\Rose Gabriela\.m2\repository\org\bytedeco\leptonica-platform\1.79.0-1.5.3\leptonica-platform-1.79.0-1.5.3.jar;C:\Users\Rose Gabriela\.m2\repository\org\bytedeco\leptonica\1.79.0-1.5.3\leptonica-1.79.0-1.5.3-android-arm.jar;C:\Users\Rose Gabriela\.m2\repository\org\bytedeco\leptonica\1.79.0-1.5.3\leptonica-1.79.0-1.5.3-android-arm64.jar;C:\Users\Rose Gabriela\.m2\repository\org\bytedeco\leptonica\1.79.0-1.5.3\leptonica-1.79.0-1.5.3-android-x86.jar;C:\Users\Rose Gabriela\.m2\repository\org\bytedeco\leptonica\1.79.0-1.5.3\leptonica-1.79.0-1.5.3-android-x86_64.jar;C:\Users\Rose Gabriela\.m2\repository\org\bytedeco\leptonica\1.79.0-1.5.3\leptonica-1.79.0-1.5.3-linux-x86.jar;C:\Users\Rose Gabriela\.m2\repository\org\bytedeco\leptonica\1.79.0-1.5.3\leptonica-1.79.0-1.5.3-linux-x86_64.jar;C:\Users\Rose Gabriela\.m2\repository\org\bytedeco\leptonica\1.79.0-1.5.3\leptonica-1.79.0-1.5.3-linux-armhf.jar;C:\Users\Rose Gabriela\.m2\repository\org\bytedeco\leptonica\1.79.0-1.5.3\leptonica-1.79.0-1.5.3-linux-arm64.jar;C:\Users\Rose Gabriela\.m2\repository\org\bytedeco\leptonica\1.79.0-1.5.3\leptonica-1.79.0-1.5.3-linux-ppc64le.jar;C:\Users\Rose Gabriela\.m2\repository\org\bytedeco\leptonica\1.79.0-1.5.3\leptonica-1.79.0-1.5.3-macosx-x86_64.jar;C:\Users\Rose Gabriela\.m2\repository\org\bytedeco\leptonica\1.79.0-1.5.3\leptonica-1.79.0-1.5.3-windows-x86.jar;C:\Users\Rose Gabriela\.m2\repository\org\bytedeco\leptonica\1.79.0-1.5.3\leptonica-1.79.0-1.5.3-windows-x86_64.jar;C:\Users\Rose Gabriela\.m2\repository\org\deeplearning4j\deeplearning4j-ui-components\1.0.0-beta7\deeplearning4j-ui-components-1.0.0-beta7.jar;C:\Users\Rose Gabriela\.m2\repository\com\github\oshi\oshi-json\3.4.2\oshi-json-3.4.2.jar;C:\Users\Rose Gabriela\.m2\repository\org\glassfish\javax.json\1.0.4\javax.json-1.0.4.jar;C:\Users\Rose Gabriela\.m2\repository\com\github\oshi\oshi-core\3.4.2\oshi-core-3.4.2.jar;C:\Users\Rose Gabriela\.m2\repository\net\java\dev\jna\jna-platform\4.3.0\jna-platform-4.3.0.jar;C:\Users\Rose Gabriela\.m2\repository\net\java\dev\jna\jna\4.3.0\jna-4.3.0.jar;C:\Users\Rose Gabriela\.m2\repository\org\threeten\threetenbp\1.3.3\threetenbp-1.3.3.jar;C:\Users\Rose Gabriela\.m2\repository\org\nd4j\nd4j-native-platform\1.0.0-beta7\nd4j-native-platform-1.0.0-beta7.jar;C:\Users\Rose Gabriela\.m2\repository\org\bytedeco\openblas-platform\0.3.9-1-1.5.3\openblas-platform-0.3.9-1-1.5.3.jar;C:\Users\Rose Gabriela\.m2\repository\org\bytedeco\javacpp-platform\1.5.3\javacpp-platform-1.5.3.jar;C:\Users\Rose Gabriela\.m2\repository\org\bytedeco\javacpp\1.5.3\javacpp-1.5.3-android-arm.jar;C:\Users\Rose Gabriela\.m2\repository\org\bytedeco\javacpp\1.5.3\javacpp-1.5.3-android-arm64.jar;C:\Users\Rose Gabriela\.m2\repository\org\bytedeco\javacpp\1.5.3\javacpp-1.5.3-android-x86.jar;C:\Users\Rose Gabriela\.m2\repository\org\bytedeco\javacpp\1.5.3\javacpp-1.5.3-android-x86_64.jar;C:\Users\Rose Gabriela\.m2\repository\org\bytedeco\javacpp\1.5.3\javacpp-1.5.3-ios-arm64.jar;C:\Users\Rose Gabriela\.m2\repository\org\bytedeco\javacpp\1.5.3\javacpp-1.5.3-ios-x86_64.jar;C:\Users\Rose Gabriela\.m2\repository\org\bytedeco\javacpp\1.5.3\javacpp-1.5.3-linux-armhf.jar;C:\Users\Rose Gabriela\.m2\repository\org\bytedeco\javacpp\1.5.3\javacpp-1.5.3-linux-arm64.jar;C:\Users\Rose Gabriela\.m2\repository\org\bytedeco\javacpp\1.5.3\javacpp-1.5.3-linux-ppc64le.jar;C:\Users\Rose Gabriela\.m2\repository\org\bytedeco\javacpp\1.5.3\javacpp-1.5.3-linux-x86.jar;C:\Users\Rose Gabriela\.m2\repository\org\bytedeco\javacpp\1.5.3\javacpp-1.5.3-linux-x86_64.jar;C:\Users\Rose Gabriela\.m2\repository\org\bytedeco\javacpp\1.5.3\javacpp-1.5.3-macosx-x86_64.jar;C:\Users\Rose Gabriela\.m2\repository\org\bytedeco\javacpp\1.5.3\javacpp-1.5.3-windows-x86.jar;C:\Users\Rose Gabriela\.m2\repository\org\bytedeco\openblas\0.3.9-1-1.5.3\openblas-0.3.9-1-1.5.3.jar;C:\Users\Rose Gabriela\.m2\repository\org\bytedeco\openblas\0.3.9-1-1.5.3\openblas-0.3.9-1-1.5.3-android-arm.jar;C:\Users\Rose Gabriela\.m2\repository\org\bytedeco\openblas\0.3.9-1-1.5.3\openblas-0.3.9-1-1.5.3-android-arm64.jar;C:\Users\Rose Gabriela\.m2\repository\org\bytedeco\openblas\0.3.9-1-1.5.3\openblas-0.3.9-1-1.5.3-android-x86.jar;C:\Users\Rose Gabriela\.m2\repository\org\bytedeco\openblas\0.3.9-1-1.5.3\openblas-0.3.9-1-1.5.3-android-x86_64.jar;C:\Users\Rose Gabriela\.m2\repository\org\bytedeco\openblas\0.3.9-1-1.5.3\openblas-0.3.9-1-1.5.3-ios-arm64.jar;C:\Users\Rose Gabriela\.m2\repository\org\bytedeco\openblas\0.3.9-1-1.5.3\openblas-0.3.9-1-1.5.3-ios-x86_64.jar;C:\Users\Rose Gabriela\.m2\repository\org\bytedeco\openblas\0.3.9-1-1.5.3\openblas-0.3.9-1-1.5.3-linux-x86.jar;C:\Users\Rose Gabriela\.m2\repository\org\bytedeco\openblas\0.3.9-1-1.5.3\openblas-0.3.9-1-1.5.3-linux-x86_64.jar;C:\Users\Rose Gabriela\.m2\repository\org\bytedeco\openblas\0.3.9-1-1.5.3\openblas-0.3.9-1-1.5.3-linux-armhf.jar;C:\Users\Rose Gabriela\.m2\repository\org\bytedeco\openblas\0.3.9-1-1.5.3\openblas-0.3.9-1-1.5.3-linux-arm64.jar;C:\Users\Rose Gabriela\.m2\repository\org\bytedeco\openblas\0.3.9-1-1.5.3\openblas-0.3.9-1-1.5.3-linux-ppc64le.jar;C:\Users\Rose Gabriela\.m2\repository\org\bytedeco\openblas\0.3.9-1-1.5.3\openblas-0.3.9-1-1.5.3-macosx-x86_64.jar;C:\Users\Rose Gabriela\.m2\repository\org\bytedeco\openblas\0.3.9-1-1.5.3\openblas-0.3.9-1-1.5.3-windows-x86.jar;C:\Users\Rose Gabriela\.m2\repository\org\bytedeco\openblas\0.3.9-1-1.5.3\openblas-0.3.9-1-1.5.3-windows-x86_64.jar;C:\Users\Rose Gabriela\.m2\repository\org\bytedeco\mkl-platform\2020.1-1.5.3\mkl-platform-2020.1-1.5.3.jar;C:\Users\Rose Gabriela\.m2\repository\org\bytedeco\mkl\2020.1-1.5.3\mkl-2020.1-1.5.3.jar;C:\Users\Rose Gabriela\.m2\repository\org\bytedeco\mkl\2020.1-1.5.3\mkl-2020.1-1.5.3-linux-x86.jar;C:\Users\Rose Gabriela\.m2\repository\org\bytedeco\mkl\2020.1-1.5.3\mkl-2020.1-1.5.3-linux-x86_64.jar;C:\Users\Rose Gabriela\.m2\repository\org\bytedeco\mkl\2020.1-1.5.3\mkl-2020.1-1.5.3-macosx-x86_64.jar;C:\Users\Rose Gabriela\.m2\repository\org\bytedeco\mkl\2020.1-1.5.3\mkl-2020.1-1.5.3-windows-x86.jar;C:\Users\Rose Gabriela\.m2\repository\org\bytedeco\mkl\2020.1-1.5.3\mkl-2020.1-1.5.3-windows-x86_64.jar;C:\Users\Rose Gabriela\.m2\repository\org\nd4j\nd4j-native\1.0.0-beta7\nd4j-native-1.0.0-beta7.jar;C:\Users\Rose Gabriela\.m2\repository\org\bytedeco\javacpp\1.5.3\javacpp-1.5.3-windows-x86_64.jar;C:\Users\Rose Gabriela\.m2\repository\org\nd4j\nd4j-native\1.0.0-beta7\nd4j-native-1.0.0-beta7-android-arm.jar;C:\Users\Rose Gabriela\.m2\repository\org\nd4j\nd4j-native\1.0.0-beta7\nd4j-native-1.0.0-beta7-android-arm64.jar;C:\Users\Rose Gabriela\.m2\repository\org\nd4j\nd4j-native\1.0.0-beta7\nd4j-native-1.0.0-beta7-android-x86.jar;C:\Users\Rose Gabriela\.m2\repository\org\nd4j\nd4j-native\1.0.0-beta7\nd4j-native-1.0.0-beta7-android-x86_64.jar;C:\Users\Rose Gabriela\.m2\repository\org\nd4j\nd4j-native\1.0.0-beta7\nd4j-native-1.0.0-beta7-linux-x86_64.jar;C:\Users\Rose Gabriela\.m2\repository\org\nd4j\nd4j-native\1.0.0-beta7\nd4j-native-1.0.0-beta7-macosx-x86_64.jar;C:\Users\Rose Gabriela\.m2\repository\org\nd4j\nd4j-native\1.0.0-beta7\nd4j-native-1.0.0-beta7-windows-x86_64.jar;C:\Users\Rose Gabriela\.m2\repository\org\nd4j\nd4j-native\1.0.0-beta7\nd4j-native-1.0.0-beta7-linux-ppc64le.jar;C:\Users\Rose Gabriela\.m2\repository\org\nd4j\nd4j-native\1.0.0-beta7\nd4j-native-1.0.0-beta7-linux-armhf.jar;C:\Users\Rose Gabriela\.m2\repository\com\oracle\database\jdbc\ojdbc8\19.8.0.0\ojdbc8-19.8.0.0.jar
Launcher Type: SUN_STANDARD

[Global flags]
     intx CICompilerCount                          = 3                                         {product} {ergonomic}
     uint ConcGCThreads                            = 1                                         {product} {ergonomic}
     uint G1ConcRefinementThreads                  = 4                                         {product} {ergonomic}
   size_t G1HeapRegionSize                         = 2097152                                   {product} {ergonomic}
    uintx GCDrainStackTargetSize                   = 64                                        {product} {ergonomic}
   size_t InitialHeapSize                          = 201326592                                 {product} {ergonomic}
   size_t MarkStackSize                            = 4194304                                   {product} {ergonomic}
   size_t MaxHeapSize                              = 3202351104                                {product} {ergonomic}
   size_t MinHeapDeltaBytes                        = 2097152                                   {product} {ergonomic}
   size_t MinHeapSize                              = 8388608                                   {product} {ergonomic}
    uintx NonNMethodCodeHeapSize                   = 5832780                                {pd product} {ergonomic}
    uintx NonProfiledCodeHeapSize                  = 122912730                              {pd product} {ergonomic}
    uintx ProfiledCodeHeapSize                     = 122912730                              {pd product} {ergonomic}
    uintx ReservedCodeCacheSize                    = 251658240                              {pd product} {ergonomic}
     bool SegmentedCodeCache                       = true                                      {product} {ergonomic}
   size_t SoftMaxHeapSize                          = 3202351104                             {manageable} {ergonomic}
     bool UseCompressedOops                        = true                           {product lp64_product} {ergonomic}
     bool UseG1GC                                  = true                                      {product} {ergonomic}
     bool UseLargePagesIndividualAllocation        = false                                  {pd product} {ergonomic}

Logging:
Log output configuration:
 #0: stdout all=warning uptime,level,tags foldmultilines=false
 #1: stderr all=off uptime,level,tags foldmultilines=false

Environment Variables:
PATH=C:\Program Files (x86)\Common Files\Oracle\Java\javapath;C:\Program Files (x86)\Actian\Btrieve\bin\;C:\WINDOWS\system32;C:\WINDOWS;C:\WINDOWS\System32\Wbem;C:\WINDOWS\System32\WindowsPowerShell\v1.0\;C:\WINDOWS\System32\OpenSSH\;C:\Program Files\Git\cmd;C:\Program Files\nodejs\;C:\Program Files\Process Lasso\;C:\Program Files\dotnet\;C:\Program Files\Microsoft SQL Server\150\Tools\Binn\;C:\Program Files\Microsoft SQL Server\Client SDK\ODBC\170\Tools\Binn\;C:\Program Files\PuTTY\;C:\Program Files\Docker\Docker\resources\bin;C:\Users\Rose Gabriela\AppData\Local\Programs\Python\Python312\Scripts\;C:\Users\Rose Gabriela\AppData\Local\Programs\Python\Python312\;C:\Users\Rose Gabriela\AppData\Local\Microsoft\WindowsApps;;C:\Users\Rose Gabriela\AppData\Local\Programs\Microsoft VS Code\bin;C:\Program Files\JetBrains\PyCharm Community Edition 2023.1\bin;;C:\Users\Rose Gabriela\AppData\Roaming\npm;C:\Users\Rose Gabriela\.dotnet\tools;C:\Users\Rose Gabriela\AppData\Local\spicetify
USERNAME=Rose Gabriela
OS=Windows_NT
PROCESSOR_IDENTIFIER=Intel64 Family 6 Model 60 Stepping 3, GenuineIntel
TMP=C:\TMP
TEMP=C:\TEMP




Periodic native trim disabled

---------------  S Y S T E M  ---------------

OS:
 Windows 10 , 64 bit Build 19041 (10.0.19041.3636)
OS uptime: 0 days 22:17 hours
Hyper-V role detected

CPU: total 4 (initial active 4) (2 cores per cpu, 2 threads per core) family 6 model 60 stepping 3 microcode 0x27, cx8, cmov, fxsr, ht, mmx, sse, sse2, sse3, ssse3, sse4.1, sse4.2, popcnt, lzcnt, tsc, tscinvbit, avx, avx2, aes, erms, clmul, bmi1, bmi2, fma, vzeroupper, clflush, hv, rdtscp, f16c
Processor Information for all 4 processors :
  Max Mhz: 2901, Current Mhz: 2901, Mhz Limit: 2901

Memory: 4k page, system-wide physical 12211M (546M free)
TotalPageFile size 20211M (AvailPageFile size 189M)
current process WorkingSet (physical memory assigned to process): 10M, peak: 10M
current process commit charge ("private bytes"): 51M, peak: 243M

vm_info: OpenJDK 64-Bit Server VM (21.0.2+13-58) for windows-amd64 JRE (21.0.2+13-58), built on 2024-01-05T18:32:24Z by "mach5one" with MS VC++ 17.1 (VS2022)

END.
